[Fri Apr  3 17:00:04 UTC 2026] Enriching: the-wellness-vault-cheney (http://wellnessvaultwa.com/)
[Fri Apr  3 17:00:59 UTC 2026] ERROR parsing JSON for the-wellness-vault-cheney: ERROR: no json found
[Fri Apr  3 17:00:59 UTC 2026] Raw result: I need permission to use WebFetch to visit the clinic's website. Please approve the WebFetch tool when prompted, then I can retrieve the data.
[Fri Apr  3 17:00:59 UTC 2026] Waiting 20 minutes before retry...
[Mon Apr  6 06:06:14 UTC 2026] Enriching: the-wellness-vault-cheney (http://wellnessvaultwa.com/)
[Mon Apr  6 06:06:14 UTC 2026] ERROR parsing JSON for the-wellness-vault-cheney: ERROR: no json found
[Mon Apr  6 06:06:14 UTC 2026] Raw result: --dangerously-skip-permissions cannot be used with root/sudo privileges for security reasons
[Mon Apr  6 06:06:14 UTC 2026] Waiting 20 minutes before retry...
[Mon Apr  6 06:09:12 UTC 2026] Starting enrichment run...
115 remaining
Enriching: hush-aesthetics-kent
  Website: http://www.hush-aesthetics.com/
  [fetch error] HTTP Error 403: Forbidden
  Scraped 0 chars
  Saved. Total enriched: 169
[main a222942] Enrich: hush-aesthetics-kent
 1 file changed, 14 insertions(+)
To http://127.0.0.1:39049/git/adnanp/IV-therapy
   6cf7b3f..a222942  main -> main
branch 'main' set up to track 'origin/main'.
  Committed and pushed.
Done. 114 remaining.
[Mon Apr  6 06:09:31 UTC 2026] Success. Sleeping 20 minutes...
